Fitting 3 folds for each of 5 candidates, totalling 15 fits
[CV] countV__ngram_range=(2, 3) ......................................
[CV] ....... countV__ngram_range=(2, 3), score=0.543478, total=  12.4s
[CV] countV__ngram_range=(3, 4) ......................................
[CV] ....... countV__ngram_range=(3, 4), score=0.521739, total=  12.7s
[CV] countV__ngram_range=(3, 4) ......................................
[CV] ....... countV__ngram_range=(3, 4), score=0.595745, total=  12.7s
[CV] countV__ngram_range=(2, 3) ......................................
[CV] ....... countV__ngram_range=(2, 3), score=0.574468, total=  12.4s
[CV] countV__ngram_range=(2, 3) ......................................
[CV] ....... countV__ngram_range=(2, 3), score=0.466667, total=  12.4s
[CV] countV__ngram_range=(3, 4) ......................................
[CV] ....... countV__ngram_range=(3, 4), score=0.422222, total=  12.1s
[CV] countV__ngram_range=(3, 5) ......................................
[CV] ....... countV__ngram_range=(3, 5), score=0.543478, total=  19.8s
[CV] countV__ngram_range=(2, 4) ......................................
[CV] ....... countV__ngram_range=(2, 4), score=0.543478, total=  19.0s
[CV] countV__ngram_range=(2, 4) ......................................
[CV] ....... countV__ngram_range=(2, 4), score=0.595745, total=  18.8s
[CV] countV__ngram_range=(3, 5) ......................................
[CV] ....... countV__ngram_range=(3, 5), score=0.574468, total=  19.2s
[CV] countV__ngram_range=(2, 5) ......................................
[CV] ....... countV__ngram_range=(2, 5), score=0.521739, total=  26.0s
[CV] countV__ngram_range=(3, 5) ......................................
[CV] ....... countV__ngram_range=(3, 5), score=0.444444, total=  18.6s
[CV] countV__ngram_range=(2, 4) ......................................
[CV] ....... countV__ngram_range=(2, 4), score=0.444444, total=  18.1s
[CV] countV__ngram_range=(2, 5) ......................................
[CV] ....... countV__ngram_range=(2, 5), score=0.595745, total=  25.0s
Pickling array (shape=(91,), dtype=int64).
Pickling array (shape=(47,), dtype=int64).
Pickling array (shape=(92,), dtype=int64).
Pickling array (shape=(46,), dtype=int64).
Pickling array (shape=(93,), dtype=int64).
Pickling array (shape=(45,), dtype=int64).
Pickling array (shape=(91,), dtype=int64).
Pickling array (shape=(47,), dtype=int64).
Pickling array (shape=(92,), dtype=int64).
Pickling array (shape=(46,), dtype=int64).
Pickling array (shape=(93,), dtype=int64).
Pickling array (shape=(45,), dtype=int64).
Pickling array (shape=(91,), dtype=int64).
Pickling array (shape=(47,), dtype=int64).
Pickling array (shape=(92,), dtype=int64).
Pickling array (shape=(46,), dtype=int64).
Pickling array (shape=(93,), dtype=int64).
Pickling array (shape=(45,), dtype=int64).
Pickling array (shape=(91,), dtype=int64).
Pickling array (shape=(47,), dtype=int64).
Pickling array (shape=(92,), dtype=int64).
Pickling array (shape=(46,), dtype=int64).
Pickling array (shape=(93,), dtype=int64).
Pickling array (shape=(45,), dtype=int64).
Pickling array (shape=(91,), dtype=int64).
Pickling array (shape=(47,), dtype=int64).
Pickling array (shape=(92,), dtype=int64).
Pickling array (shape=(46,), dtype=int64).
Pickling array (shape=(93,), dtype=int64).
Pickling array (shape=(45,), dtype=int64).
[Parallel(n_jobs=15)]: Done   1 tasks      | elapsed:   16.5s
[Parallel(n_jobs=15)]: Done   2 out of  15 | elapsed:   17.3s remaining:  1.9min
[Parallel(n_jobs=15)]: Done   3 out of  15 | elapsed:   21.1s remaining:  1.4min
[Parallel(n_jobs=15)]: Done   4 out of  15 | elapsed:   22.1s remaining:  1.0min
[Parallel(n_jobs=15)]: Done   5 out of  15 | elapsed:   24.9s remaining:   49.8s
[Parallel(n_jobs=15)]: Done   6 out of  15 | elapsed:   25.2s remaining:   37.8s
[Parallel(n_jobs=15)]: Done   7 out of  15 | elapsed:   25.6s remaining:   29.2s
[Parallel(n_jobs=15)]: Done   8 out of  15 | elapsed:   26.9s remaining:   23.5s
[Parallel(n_jobs=15)]: Done   9 out of  15 | elapsed:   32.2s remaining:   21.5s
[Parallel(n_jobs=15)]: Done  10 out of  15 | elapsed:   33.3s remaining:   16.7s
[Parallel(n_jobs=15)]: Done  11 out of  15 | elapsed:   34.5s remaining:   12.5s
[Parallel(n_jobs=15)]: Done  12 out of  15 | elapsed:   36.5s remaining:    9.1s
[Parallel(n_jobs=15)]: Done  13 out of  15 | elapsed:   37.8s remaining:    5.8s
[Parallel(n_jobs=15)]: Done  15 out of  15 | elapsed:   48.1s remaining:    0.0s
[Parallel(n_jobs=15)]: Done  15 out of  15 | elapsed:   48.1s finished
Fitting 3 folds for each of 5 candidates, totalling 15 fits
[CV] countV__ngram_range=(2, 3) ......................................
[CV] ....... countV__ngram_range=(2, 3), score=0.510638, total=  10.2s
[CV] countV__ngram_range=(3, 4) ......................................
[CV] ....... countV__ngram_range=(3, 4), score=0.531915, total=  10.6s
[CV] countV__ngram_range=(2, 3) ......................................
[CV] ....... countV__ngram_range=(2, 3), score=0.500000, total=   8.3s
[CV] countV__ngram_range=(3, 4) ......................................
[CV] ....... countV__ngram_range=(3, 4), score=0.555556, total=  10.9s
[CV] countV__ngram_range=(3, 4) ......................................
[CV] ....... countV__ngram_range=(3, 4), score=0.521739, total=  11.3s
[CV] countV__ngram_range=(2, 4) ......................................
[CV] ....... countV__ngram_range=(2, 4), score=0.553191, total=  14.5s
[CV] countV__ngram_range=(2, 3) ......................................
[CV] ....... countV__ngram_range=(2, 3), score=0.511111, total=  12.7s
[CV] countV__ngram_range=(3, 5) ......................................
[CV] ....... countV__ngram_range=(3, 5), score=0.531915, total=  14.8s
[CV] countV__ngram_range=(2, 5) ......................................
[CV] ....... countV__ngram_range=(2, 5), score=0.531915, total=  18.7s
[CV] countV__ngram_range=(3, 5) ......................................
[CV] ....... countV__ngram_range=(3, 5), score=0.521739, total=  14.0s
[CV] countV__ngram_range=(3, 5) ......................................
[CV] ....... countV__ngram_range=(3, 5), score=0.555556, total=  15.6s
[CV] countV__ngram_range=(2, 4) ......................................
[CV] ....... countV__ngram_range=(2, 4), score=0.555556, total=  18.0s
[CV] countV__ngram_range=(2, 4) ......................................
[CV] ....... countV__ngram_range=(2, 4), score=0.521739, total=  18.9s
[CV] countV__ngram_range=(2, 5) ......................................
[CV] ....... countV__ngram_range=(2, 5), score=0.555556, total=  20.3s
Pickling array (shape=(91,), dtype=int64).
Pickling array (shape=(47,), dtype=int64).
Pickling array (shape=(92,), dtype=int64).
Pickling array (shape=(46,), dtype=int64).
Pickling array (shape=(93,), dtype=int64).
Pickling array (shape=(45,), dtype=int64).
Pickling array (shape=(91,), dtype=int64).
Pickling array (shape=(47,), dtype=int64).
Pickling array (shape=(92,), dtype=int64).
Pickling array (shape=(46,), dtype=int64).
Pickling array (shape=(93,), dtype=int64).
Pickling array (shape=(45,), dtype=int64).
Pickling array (shape=(91,), dtype=int64).
Pickling array (shape=(47,), dtype=int64).
Pickling array (shape=(92,), dtype=int64).
Pickling array (shape=(46,), dtype=int64).
Pickling array (shape=(93,), dtype=int64).
Pickling array (shape=(45,), dtype=int64).
Pickling array (shape=(91,), dtype=int64).
Pickling array (shape=(47,), dtype=int64).
Pickling array (shape=(92,), dtype=int64).
Pickling array (shape=(46,), dtype=int64).
Pickling array (shape=(93,), dtype=int64).
Pickling array (shape=(45,), dtype=int64).
Pickling array (shape=(91,), dtype=int64).
Pickling array (shape=(47,), dtype=int64).
Pickling array (shape=(92,), dtype=int64).
Pickling array (shape=(46,), dtype=int64).
Pickling array (shape=(93,), dtype=int64).
Pickling array (shape=(45,), dtype=int64).
[Parallel(n_jobs=15)]: Done   1 tasks      | elapsed:   13.8s
[Parallel(n_jobs=15)]: Done   2 out of  15 | elapsed:   14.6s remaining:  1.6min
[Parallel(n_jobs=15)]: Done   3 out of  15 | elapsed:   15.8s remaining:  1.1min
[Parallel(n_jobs=15)]: Done   4 out of  15 | elapsed:   19.3s remaining:   53.1s
[Parallel(n_jobs=15)]: Done   5 out of  15 | elapsed:   19.7s remaining:   39.4s
[Parallel(n_jobs=15)]: Done   6 out of  15 | elapsed:   20.1s remaining:   30.2s
[Parallel(n_jobs=15)]: Done   7 out of  15 | elapsed:   20.5s remaining:   23.4s
[Parallel(n_jobs=15)]: Done   8 out of  15 | elapsed:   21.0s remaining:   18.4s
[Parallel(n_jobs=15)]: Done   9 out of  15 | elapsed:   26.1s remaining:   17.4s
[Parallel(n_jobs=15)]: Done  10 out of  15 | elapsed:   26.6s remaining:   13.3s
[Parallel(n_jobs=15)]: Done  11 out of  15 | elapsed:   28.1s remaining:   10.2s
[Parallel(n_jobs=15)]: Done  12 out of  15 | elapsed:   29.7s remaining:    7.4s
[Parallel(n_jobs=15)]: Done  13 out of  15 | elapsed:   30.1s remaining:    4.6s
[Parallel(n_jobs=15)]: Done  15 out of  15 | elapsed:   38.8s remaining:    0.0s
[Parallel(n_jobs=15)]: Done  15 out of  15 | elapsed:   38.8s finished
Fitting 3 folds for each of 5 candidates, totalling 15 fits
[CV] countV__ngram_range=(2, 3) ......................................
[CV] ....... countV__ngram_range=(2, 3), score=0.565217, total=   6.7s
[CV] countV__ngram_range=(2, 3) ......................................
[CV] ....... countV__ngram_range=(2, 3), score=0.543478, total=   6.9s
[CV] countV__ngram_range=(3, 4) ......................................
[CV] ....... countV__ngram_range=(3, 4), score=0.565217, total=   7.0s
[CV] countV__ngram_range=(3, 4) ......................................
[CV] ....... countV__ngram_range=(3, 4), score=0.543478, total=   7.0s
[CV] countV__ngram_range=(2, 3) ......................................
[CV] ....... countV__ngram_range=(2, 3), score=0.478261, total=   6.8s
[CV] countV__ngram_range=(3, 4) ......................................
[CV] ....... countV__ngram_range=(3, 4), score=0.478261, total=   6.7s
[CV] countV__ngram_range=(2, 4) ......................................
[CV] ....... countV__ngram_range=(2, 4), score=0.565217, total=  10.5s
[CV] countV__ngram_range=(2, 4) ......................................
[CV] ....... countV__ngram_range=(2, 4), score=0.543478, total=  10.6s
[CV] countV__ngram_range=(3, 5) ......................................
[CV] ....... countV__ngram_range=(3, 5), score=0.543478, total=  10.9s
[CV] countV__ngram_range=(3, 5) ......................................
[CV] ....... countV__ngram_range=(3, 5), score=0.565217, total=  12.2s
[CV] countV__ngram_range=(2, 4) ......................................
[CV] ....... countV__ngram_range=(2, 4), score=0.478261, total=  10.3s
[CV] countV__ngram_range=(3, 5) ......................................
[CV] ....... countV__ngram_range=(3, 5), score=0.500000, total=  10.5s
[CV] countV__ngram_range=(2, 5) ......................................
[CV] ....... countV__ngram_range=(2, 5), score=0.565217, total=  14.5s
[CV] countV__ngram_range=(2, 5) ......................................
[CV] ....... countV__ngram_range=(2, 5), score=0.543478, total=  14.3s
Pickling array (shape=(92,), dtype=int64).
Pickling array (shape=(46,), dtype=int64).
Pickling array (shape=(92,), dtype=int64).
Pickling array (shape=(46,), dtype=int64).
Pickling array (shape=(92,), dtype=int64).
Pickling array (shape=(46,), dtype=int64).
Pickling array (shape=(92,), dtype=int64).
Pickling array (shape=(46,), dtype=int64).
Pickling array (shape=(92,), dtype=int64).
Pickling array (shape=(46,), dtype=int64).
Pickling array (shape=(92,), dtype=int64).
Pickling array (shape=(46,), dtype=int64).
Pickling array (shape=(92,), dtype=int64).
Pickling array (shape=(46,), dtype=int64).
Pickling array (shape=(92,), dtype=int64).
Pickling array (shape=(46,), dtype=int64).
Pickling array (shape=(92,), dtype=int64).
Pickling array (shape=(46,), dtype=int64).
Pickling array (shape=(92,), dtype=int64).
Pickling array (shape=(46,), dtype=int64).
Pickling array (shape=(92,), dtype=int64).
Pickling array (shape=(46,), dtype=int64).
Pickling array (shape=(92,), dtype=int64).
Pickling array (shape=(46,), dtype=int64).
Pickling array (shape=(92,), dtype=int64).
Pickling array (shape=(46,), dtype=int64).
Pickling array (shape=(92,), dtype=int64).
Pickling array (shape=(46,), dtype=int64).
Pickling array (shape=(92,), dtype=int64).
Pickling array (shape=(46,), dtype=int64).
[Parallel(n_jobs=15)]: Done   1 tasks      | elapsed:   10.7s
[Parallel(n_jobs=15)]: Done   2 out of  15 | elapsed:   10.8s remaining:  1.2min
[Parallel(n_jobs=15)]: Done   3 out of  15 | elapsed:   11.3s remaining:   45.2s
[Parallel(n_jobs=15)]: Done   4 out of  15 | elapsed:   11.5s remaining:   31.5s
[Parallel(n_jobs=15)]: Done   5 out of  15 | elapsed:   13.3s remaining:   26.5s
[Parallel(n_jobs=15)]: Done   6 out of  15 | elapsed:   13.6s remaining:   20.5s
[Parallel(n_jobs=15)]: Done   7 out of  15 | elapsed:   16.5s remaining:   18.8s
[Parallel(n_jobs=15)]: Done   8 out of  15 | elapsed:   16.9s remaining:   14.8s
[Parallel(n_jobs=15)]: Done   9 out of  15 | elapsed:   17.5s remaining:   11.7s
[Parallel(n_jobs=15)]: Done  10 out of  15 | elapsed:   18.6s remaining:    9.3s
[Parallel(n_jobs=15)]: Done  11 out of  15 | elapsed:   20.2s remaining:    7.3s
[Parallel(n_jobs=15)]: Done  12 out of  15 | elapsed:   20.9s remaining:    5.2s
[Parallel(n_jobs=15)]: Done  13 out of  15 | elapsed:   22.3s remaining:    3.4s
[Parallel(n_jobs=15)]: Done  15 out of  15 | elapsed:   27.7s remaining:    0.0s
[Parallel(n_jobs=15)]: Done  15 out of  15 | elapsed:   27.7s finished
Fitting 3 folds for each of 5 candidates, totalling 15 fits
[CV] countV__ngram_range=(2, 3) ......................................
[CV] ....... countV__ngram_range=(2, 3), score=0.444444, total=  15.1s
[CV] countV__ngram_range=(3, 4) ......................................
[CV] ....... countV__ngram_range=(3, 4), score=0.422222, total=  15.5s
[CV] countV__ngram_range=(2, 3) ......................................
[CV] ....... countV__ngram_range=(2, 3), score=0.489362, total=  14.9s
[CV] countV__ngram_range=(3, 4) ......................................
[CV] ....... countV__ngram_range=(3, 4), score=0.531915, total=  15.2s
[CV] countV__ngram_range=(2, 3) ......................................
[CV] ....... countV__ngram_range=(2, 3), score=0.586957, total=  14.8s
[CV] countV__ngram_range=(3, 4) ......................................
[CV] ....... countV__ngram_range=(3, 4), score=0.673913, total=  15.0s
[CV] countV__ngram_range=(2, 4) ......................................
[CV] ....... countV__ngram_range=(2, 4), score=0.422222, total=  23.3s
[CV] countV__ngram_range=(3, 5) ......................................
[CV] ....... countV__ngram_range=(3, 5), score=0.422222, total=  24.0s
[CV] countV__ngram_range=(2, 4) ......................................
[CV] ....... countV__ngram_range=(2, 4), score=0.531915, total=  23.0s
[CV] countV__ngram_range=(3, 5) ......................................
[CV] ....... countV__ngram_range=(3, 5), score=0.553191, total=  23.5s
[CV] countV__ngram_range=(2, 4) ......................................
[CV] ....... countV__ngram_range=(2, 4), score=0.652174, total=  22.8s
[CV] countV__ngram_range=(3, 5) ......................................
[CV] ....... countV__ngram_range=(3, 5), score=0.673913, total=  23.2s
[CV] countV__ngram_range=(2, 5) ......................................
[CV] ....... countV__ngram_range=(2, 5), score=0.422222, total=  32.0s
[CV] countV__ngram_range=(2, 5) ......................................
[CV] ....... countV__ngram_range=(2, 5), score=0.510638, total=  31.5s
Pickling array (shape=(91,), dtype=int64).
Pickling array (shape=(47,), dtype=int64).
Pickling array (shape=(92,), dtype=int64).
Pickling array (shape=(46,), dtype=int64).
Pickling array (shape=(93,), dtype=int64).
Pickling array (shape=(45,), dtype=int64).
Pickling array (shape=(91,), dtype=int64).
Pickling array (shape=(47,), dtype=int64).
Pickling array (shape=(92,), dtype=int64).
Pickling array (shape=(46,), dtype=int64).
Pickling array (shape=(93,), dtype=int64).
Pickling array (shape=(45,), dtype=int64).
Pickling array (shape=(91,), dtype=int64).
Pickling array (shape=(47,), dtype=int64).
Pickling array (shape=(92,), dtype=int64).
Pickling array (shape=(46,), dtype=int64).
Pickling array (shape=(93,), dtype=int64).
Pickling array (shape=(45,), dtype=int64).
Pickling array (shape=(91,), dtype=int64).
Pickling array (shape=(47,), dtype=int64).
Pickling array (shape=(92,), dtype=int64).
Pickling array (shape=(46,), dtype=int64).
Pickling array (shape=(93,), dtype=int64).
Pickling array (shape=(45,), dtype=int64).
Pickling array (shape=(91,), dtype=int64).
Pickling array (shape=(47,), dtype=int64).
Pickling array (shape=(92,), dtype=int64).
Pickling array (shape=(46,), dtype=int64).
Pickling array (shape=(93,), dtype=int64).
Pickling array (shape=(45,), dtype=int64).
[Parallel(n_jobs=15)]: Done   1 tasks      | elapsed:   22.7s
[Parallel(n_jobs=15)]: Done   2 out of  15 | elapsed:   23.8s remaining:  2.6min
[Parallel(n_jobs=15)]: Done   3 out of  15 | elapsed:   25.0s remaining:  1.7min
[Parallel(n_jobs=15)]: Done   4 out of  15 | elapsed:   26.0s remaining:  1.2min
[Parallel(n_jobs=15)]: Done   5 out of  15 | elapsed:   28.2s remaining:   56.4s
[Parallel(n_jobs=15)]: Done   6 out of  15 | elapsed:   29.2s remaining:   43.8s
[Parallel(n_jobs=15)]: Done   7 out of  15 | elapsed:   34.9s remaining:   39.9s
[Parallel(n_jobs=15)]: Done   8 out of  15 | elapsed:   36.5s remaining:   31.9s
[Parallel(n_jobs=15)]: Done   9 out of  15 | elapsed:   38.2s remaining:   25.5s
[Parallel(n_jobs=15)]: Done  10 out of  15 | elapsed:   39.9s remaining:   20.0s
[Parallel(n_jobs=15)]: Done  11 out of  15 | elapsed:   43.0s remaining:   15.6s
[Parallel(n_jobs=15)]: Done  12 out of  15 | elapsed:   44.3s remaining:   11.1s
[Parallel(n_jobs=15)]: Done  13 out of  15 | elapsed:   47.5s remaining:    7.3s
[Parallel(n_jobs=15)]: Done  15 out of  15 | elapsed:   56.4s remaining:    0.0s
[Parallel(n_jobs=15)]: Done  15 out of  15 | elapsed:   56.4s finished
Fitting 3 folds for each of 5 candidates, totalling 15 fits
[CV] countV__ngram_range=(2, 3) ......................................
[CV] ....... countV__ngram_range=(2, 3), score=0.425532, total=  12.9s
[CV] countV__ngram_range=(3, 4) ......................................
[CV] ....... countV__ngram_range=(3, 4), score=0.382979, total=  13.2s
[CV] countV__ngram_range=(2, 3) ......................................
[CV] ....... countV__ngram_range=(2, 3), score=0.521739, total=  12.7s
[CV] countV__ngram_range=(3, 4) ......................................
[CV] ....... countV__ngram_range=(3, 4), score=0.500000, total=  13.0s
[CV] countV__ngram_range=(2, 3) ......................................
[CV] ....... countV__ngram_range=(2, 3), score=0.577778, total=  12.7s
[CV] countV__ngram_range=(3, 4) ......................................
[CV] ....... countV__ngram_range=(3, 4), score=0.555556, total=  12.9s
[CV] countV__ngram_range=(2, 4) ......................................
[CV] ....... countV__ngram_range=(2, 4), score=0.382979, total=  19.7s
[CV] countV__ngram_range=(3, 5) ......................................
[CV] ....... countV__ngram_range=(3, 5), score=0.404255, total=  20.4s
[CV] countV__ngram_range=(2, 4) ......................................
[CV] ....... countV__ngram_range=(2, 4), score=0.500000, total=  19.3s
[CV] countV__ngram_range=(3, 5) ......................................
[CV] ....... countV__ngram_range=(3, 5), score=0.500000, total=  19.6s
[CV] countV__ngram_range=(2, 4) ......................................
[CV] ....... countV__ngram_range=(2, 4), score=0.577778, total=  19.2s
[CV] countV__ngram_range=(3, 5) ......................................
[CV] ....... countV__ngram_range=(3, 5), score=0.555556, total=  20.0s
[CV] countV__ngram_range=(2, 5) ......................................
[CV] ....... countV__ngram_range=(2, 5), score=0.382979, total=  27.2s
[CV] countV__ngram_range=(2, 5) ......................................
[CV] ....... countV__ngram_range=(2, 5), score=0.500000, total=  26.5s
Pickling array (shape=(91,), dtype=int64).
Pickling array (shape=(47,), dtype=int64).
Pickling array (shape=(92,), dtype=int64).
Pickling array (shape=(46,), dtype=int64).
Pickling array (shape=(93,), dtype=int64).
Pickling array (shape=(45,), dtype=int64).
Pickling array (shape=(91,), dtype=int64).
Pickling array (shape=(47,), dtype=int64).
Pickling array (shape=(92,), dtype=int64).
Pickling array (shape=(46,), dtype=int64).
Pickling array (shape=(93,), dtype=int64).
Pickling array (shape=(45,), dtype=int64).
Pickling array (shape=(91,), dtype=int64).
Pickling array (shape=(47,), dtype=int64).
Pickling array (shape=(92,), dtype=int64).
Pickling array (shape=(46,), dtype=int64).
Pickling array (shape=(93,), dtype=int64).
Pickling array (shape=(45,), dtype=int64).
Pickling array (shape=(91,), dtype=int64).
Pickling array (shape=(47,), dtype=int64).
Pickling array (shape=(92,), dtype=int64).
Pickling array (shape=(46,), dtype=int64).
Pickling array (shape=(93,), dtype=int64).
Pickling array (shape=(45,), dtype=int64).
Pickling array (shape=(91,), dtype=int64).
Pickling array (shape=(47,), dtype=int64).
Pickling array (shape=(92,), dtype=int64).
Pickling array (shape=(46,), dtype=int64).
Pickling array (shape=(93,), dtype=int64).
Pickling array (shape=(45,), dtype=int64).
[Parallel(n_jobs=15)]: Done   1 tasks      | elapsed:   18.8s
[Parallel(n_jobs=15)]: Done   2 out of  15 | elapsed:   19.7s remaining:  2.1min
[Parallel(n_jobs=15)]: Done   3 out of  15 | elapsed:   22.2s remaining:  1.5min
[Parallel(n_jobs=15)]: Done   4 out of  15 | elapsed:   23.2s remaining:  1.1min
[Parallel(n_jobs=15)]: Done   5 out of  15 | elapsed:   23.3s remaining:   46.6s
[Parallel(n_jobs=15)]: Done   6 out of  15 | elapsed:   24.2s remaining:   36.4s
[Parallel(n_jobs=15)]: Done   7 out of  15 | elapsed:   28.8s remaining:   32.9s
[Parallel(n_jobs=15)]: Done   8 out of  15 | elapsed:   30.1s remaining:   26.4s
[Parallel(n_jobs=15)]: Done   9 out of  15 | elapsed:   33.7s remaining:   22.4s
[Parallel(n_jobs=15)]: Done  10 out of  15 | elapsed:   34.7s remaining:   17.4s
[Parallel(n_jobs=15)]: Done  11 out of  15 | elapsed:   35.6s remaining:   12.9s
[Parallel(n_jobs=15)]: Done  12 out of  15 | elapsed:   37.3s remaining:    9.3s
[Parallel(n_jobs=15)]: Done  13 out of  15 | elapsed:   39.4s remaining:    6.1s
[Parallel(n_jobs=15)]: Done  15 out of  15 | elapsed:   47.4s remaining:    0.0s
[Parallel(n_jobs=15)]: Done  15 out of  15 | elapsed:   47.4s finished
Fitting 3 folds for each of 5 candidates, totalling 15 fits
[CV] countV__ngram_range=(2, 3) ......................................
[CV] ....... countV__ngram_range=(2, 3), score=0.521739, total=  15.1s
[CV] countV__ngram_range=(2, 3) ......................................
[CV] ....... countV__ngram_range=(2, 3), score=0.456522, total=  15.1s
[CV] countV__ngram_range=(3, 4) ......................................
[CV] ....... countV__ngram_range=(3, 4), score=0.521739, total=  15.9s
[CV] countV__ngram_range=(3, 4) ......................................
[CV] ....... countV__ngram_range=(3, 4), score=0.456522, total=  15.7s
[CV] countV__ngram_range=(2, 3) ......................................
[CV] ....... countV__ngram_range=(2, 3), score=0.478261, total=  16.3s
[CV] countV__ngram_range=(3, 4) ......................................
[CV] ....... countV__ngram_range=(3, 4), score=0.500000, total=  16.9s
[CV] countV__ngram_range=(2, 4) ......................................
[CV] ....... countV__ngram_range=(2, 4), score=0.521739, total=  25.0s
[CV] countV__ngram_range=(2, 4) ......................................
[CV] ....... countV__ngram_range=(2, 4), score=0.456522, total=  24.9s
[CV] countV__ngram_range=(3, 5) ......................................
[CV] ....... countV__ngram_range=(3, 5), score=0.543478, total=  25.4s
[CV] countV__ngram_range=(3, 5) ......................................
[CV] ....... countV__ngram_range=(3, 5), score=0.434783, total=  25.3s
[CV] countV__ngram_range=(2, 4) ......................................
[CV] ....... countV__ngram_range=(2, 4), score=0.456522, total=  23.5s
[CV] countV__ngram_range=(3, 5) ......................................
[CV] ....... countV__ngram_range=(3, 5), score=0.521739, total=  24.9s
[CV] countV__ngram_range=(2, 5) ......................................
[CV] ....... countV__ngram_range=(2, 5), score=0.543478, total=  32.6s
[CV] countV__ngram_range=(2, 5) ......................................
[CV] ....... countV__ngram_range=(2, 5), score=0.456522, total=  32.1s
Pickling array (shape=(92,), dtype=int64).
Pickling array (shape=(46,), dtype=int64).
Pickling array (shape=(92,), dtype=int64).
Pickling array (shape=(46,), dtype=int64).
Pickling array (shape=(92,), dtype=int64).
Pickling array (shape=(46,), dtype=int64).
Pickling array (shape=(92,), dtype=int64).
Pickling array (shape=(46,), dtype=int64).
Pickling array (shape=(92,), dtype=int64).
Pickling array (shape=(46,), dtype=int64).
Pickling array (shape=(92,), dtype=int64).
Pickling array (shape=(46,), dtype=int64).
Pickling array (shape=(92,), dtype=int64).
Pickling array (shape=(46,), dtype=int64).
Pickling array (shape=(92,), dtype=int64).
Pickling array (shape=(46,), dtype=int64).
Pickling array (shape=(92,), dtype=int64).
Pickling array (shape=(46,), dtype=int64).
Pickling array (shape=(92,), dtype=int64).
Pickling array (shape=(46,), dtype=int64).
Pickling array (shape=(92,), dtype=int64).
Pickling array (shape=(46,), dtype=int64).
Pickling array (shape=(92,), dtype=int64).
Pickling array (shape=(46,), dtype=int64).
Pickling array (shape=(92,), dtype=int64).
Pickling array (shape=(46,), dtype=int64).
Pickling array (shape=(92,), dtype=int64).
Pickling array (shape=(46,), dtype=int64).
Pickling array (shape=(92,), dtype=int64).
Pickling array (shape=(46,), dtype=int64).
[Parallel(n_jobs=15)]: Done   1 tasks      | elapsed:   24.8s
[Parallel(n_jobs=15)]: Done   2 out of  15 | elapsed:   25.3s remaining:  2.7min
[Parallel(n_jobs=15)]: Done   3 out of  15 | elapsed:   26.1s remaining:  1.7min
[Parallel(n_jobs=15)]: Done   4 out of  15 | elapsed:   26.6s remaining:  1.2min
[Parallel(n_jobs=15)]: Done   5 out of  15 | elapsed:   28.7s remaining:   57.4s
[Parallel(n_jobs=15)]: Done   6 out of  15 | elapsed:   30.1s remaining:   45.2s
[Parallel(n_jobs=15)]: Done   7 out of  15 | elapsed:   39.3s remaining:   44.9s
[Parallel(n_jobs=15)]: Done   8 out of  15 | elapsed:   40.1s remaining:   35.1s
[Parallel(n_jobs=15)]: Done   9 out of  15 | elapsed:   41.1s remaining:   27.4s
[Parallel(n_jobs=15)]: Done  10 out of  15 | elapsed:   42.1s remaining:   21.0s
[Parallel(n_jobs=15)]: Done  11 out of  15 | elapsed:   42.1s remaining:   15.3s
[Parallel(n_jobs=15)]: Done  12 out of  15 | elapsed:   44.9s remaining:   11.2s
[Parallel(n_jobs=15)]: Done  13 out of  15 | elapsed:   51.8s remaining:    8.0s
[Parallel(n_jobs=15)]: Done  15 out of  15 | elapsed:   56.7s remaining:    0.0s
[Parallel(n_jobs=15)]: Done  15 out of  15 | elapsed:   56.7s finished
Fitting 3 folds for each of 5 candidates, totalling 15 fits
[CV] countV__ngram_range=(2, 3) ......................................
[CV] ....... countV__ngram_range=(2, 3), score=0.574468, total=   9.4s
[CV] countV__ngram_range=(3, 4) ......................................
[CV] ....... countV__ngram_range=(3, 4), score=0.595745, total=   9.6s
[CV] countV__ngram_range=(2, 3) ......................................
[CV] ....... countV__ngram_range=(2, 3), score=0.555556, total=   9.3s
[CV] countV__ngram_range=(2, 3) ......................................
[CV] ....... countV__ngram_range=(2, 3), score=0.500000, total=   9.3s
[CV] countV__ngram_range=(3, 4) ......................................
[CV] ....... countV__ngram_range=(3, 4), score=0.555556, total=   9.5s
[CV] countV__ngram_range=(3, 4) ......................................
[CV] ....... countV__ngram_range=(3, 4), score=0.565217, total=   9.4s
[CV] countV__ngram_range=(2, 4) ......................................
[CV] ....... countV__ngram_range=(2, 4), score=0.595745, total=  14.3s
[CV] countV__ngram_range=(3, 5) ......................................
[CV] ....... countV__ngram_range=(3, 5), score=0.574468, total=  14.8s
[CV] countV__ngram_range=(2, 4) ......................................
[CV] ....... countV__ngram_range=(2, 4), score=0.555556, total=  14.3s
[CV] countV__ngram_range=(2, 4) ......................................
[CV] ....... countV__ngram_range=(2, 4), score=0.565217, total=  14.2s
[CV] countV__ngram_range=(3, 5) ......................................
[CV] ....... countV__ngram_range=(3, 5), score=0.533333, total=  14.7s
[CV] countV__ngram_range=(3, 5) ......................................
[CV] ....... countV__ngram_range=(3, 5), score=0.521739, total=  14.6s
[CV] countV__ngram_range=(2, 5) ......................................
[CV] ....... countV__ngram_range=(2, 5), score=0.595745, total=  19.6s
[CV] countV__ngram_range=(2, 5) ......................................
[CV] ....... countV__ngram_range=(2, 5), score=0.533333, total=  19.4s
Pickling array (shape=(91,), dtype=int64).
Pickling array (shape=(47,), dtype=int64).
Pickling array (shape=(92,), dtype=int64).
Pickling array (shape=(46,), dtype=int64).
Pickling array (shape=(93,), dtype=int64).
Pickling array (shape=(45,), dtype=int64).
Pickling array (shape=(91,), dtype=int64).
Pickling array (shape=(47,), dtype=int64).
Pickling array (shape=(92,), dtype=int64).
Pickling array (shape=(46,), dtype=int64).
Pickling array (shape=(93,), dtype=int64).
Pickling array (shape=(45,), dtype=int64).
Pickling array (shape=(91,), dtype=int64).
Pickling array (shape=(47,), dtype=int64).
Pickling array (shape=(92,), dtype=int64).
Pickling array (shape=(46,), dtype=int64).
Pickling array (shape=(93,), dtype=int64).
Pickling array (shape=(45,), dtype=int64).
Pickling array (shape=(91,), dtype=int64).
Pickling array (shape=(47,), dtype=int64).
Pickling array (shape=(92,), dtype=int64).
Pickling array (shape=(46,), dtype=int64).
Pickling array (shape=(93,), dtype=int64).
Pickling array (shape=(45,), dtype=int64).
Pickling array (shape=(91,), dtype=int64).
Pickling array (shape=(47,), dtype=int64).
Pickling array (shape=(92,), dtype=int64).
Pickling array (shape=(46,), dtype=int64).
Pickling array (shape=(93,), dtype=int64).
Pickling array (shape=(45,), dtype=int64).
[Parallel(n_jobs=15)]: Done   1 tasks      | elapsed:   14.8s
[Parallel(n_jobs=15)]: Done   2 out of  15 | elapsed:   15.3s remaining:  1.7min
[Parallel(n_jobs=15)]: Done   3 out of  15 | elapsed:   16.0s remaining:  1.1min
[Parallel(n_jobs=15)]: Done   4 out of  15 | elapsed:   16.5s remaining:   45.4s
[Parallel(n_jobs=15)]: Done   5 out of  15 | elapsed:   16.7s remaining:   33.3s
[Parallel(n_jobs=15)]: Done   6 out of  15 | elapsed:   17.1s remaining:   25.6s
[Parallel(n_jobs=15)]: Done   7 out of  15 | elapsed:   22.5s remaining:   25.8s
[Parallel(n_jobs=15)]: Done   8 out of  15 | elapsed:   23.6s remaining:   20.7s
[Parallel(n_jobs=15)]: Done   9 out of  15 | elapsed:   24.5s remaining:   16.3s
[Parallel(n_jobs=15)]: Done  10 out of  15 | elapsed:   25.1s remaining:   12.5s
[Parallel(n_jobs=15)]: Done  11 out of  15 | elapsed:   25.7s remaining:    9.3s
[Parallel(n_jobs=15)]: Done  12 out of  15 | elapsed:   26.4s remaining:    6.6s
[Parallel(n_jobs=15)]: Done  13 out of  15 | elapsed:   30.4s remaining:    4.7s
[Parallel(n_jobs=15)]: Done  15 out of  15 | elapsed:   33.8s remaining:    0.0s
[Parallel(n_jobs=15)]: Done  15 out of  15 | elapsed:   33.8s finished
Fitting 3 folds for each of 5 candidates, totalling 15 fits
[CV] countV__ngram_range=(2, 3) ......................................
[CV] ....... countV__ngram_range=(2, 3), score=0.488889, total=  19.3s
[CV] countV__ngram_range=(2, 3) ......................................
[CV] ....... countV__ngram_range=(2, 3), score=0.446809, total=  19.2s
[CV] countV__ngram_range=(3, 4) ......................................
[CV] ....... countV__ngram_range=(3, 4), score=0.468085, total=  19.5s
[CV] countV__ngram_range=(2, 3) ......................................
[CV] ....... countV__ngram_range=(2, 3), score=0.586957, total=  19.1s
[CV] countV__ngram_range=(3, 4) ......................................
[CV] ....... countV__ngram_range=(3, 4), score=0.586957, total=  19.7s
[CV] countV__ngram_range=(3, 4) ......................................
[CV] ....... countV__ngram_range=(3, 4), score=0.466667, total=  22.3s
[CV] countV__ngram_range=(2, 4) ......................................
[CV] ....... countV__ngram_range=(2, 4), score=0.466667, total=  29.8s
[CV] countV__ngram_range=(2, 4) ......................................
[CV] ....... countV__ngram_range=(2, 4), score=0.468085, total=  29.3s
[CV] countV__ngram_range=(3, 5) ......................................
[CV] ....... countV__ngram_range=(3, 5), score=0.444444, total=  30.1s
[CV] countV__ngram_range=(2, 4) ......................................
[CV] ....... countV__ngram_range=(2, 4), score=0.586957, total=  29.2s
[CV] countV__ngram_range=(3, 5) ......................................
[CV] ....... countV__ngram_range=(3, 5), score=0.468085, total=  30.1s
[CV] countV__ngram_range=(3, 5) ......................................
[CV] ....... countV__ngram_range=(3, 5), score=0.586957, total=  29.8s
[CV] countV__ngram_range=(2, 5) ......................................
[CV] ....... countV__ngram_range=(2, 5), score=0.468085, total=  39.9s
[CV] countV__ngram_range=(2, 5) ......................................
[CV] ....... countV__ngram_range=(2, 5), score=0.586957, total=  39.6s
Pickling array (shape=(91,), dtype=int64).
Pickling array (shape=(47,), dtype=int64).
Pickling array (shape=(92,), dtype=int64).
Pickling array (shape=(46,), dtype=int64).
Pickling array (shape=(93,), dtype=int64).
Pickling array (shape=(45,), dtype=int64).
Pickling array (shape=(91,), dtype=int64).
Pickling array (shape=(47,), dtype=int64).
Pickling array (shape=(92,), dtype=int64).
Pickling array (shape=(46,), dtype=int64).
Pickling array (shape=(93,), dtype=int64).
Pickling array (shape=(45,), dtype=int64).
Pickling array (shape=(91,), dtype=int64).
Pickling array (shape=(47,), dtype=int64).
Pickling array (shape=(92,), dtype=int64).
Pickling array (shape=(46,), dtype=int64).
Pickling array (shape=(93,), dtype=int64).
Pickling array (shape=(45,), dtype=int64).
Pickling array (shape=(91,), dtype=int64).
Pickling array (shape=(47,), dtype=int64).
Pickling array (shape=(92,), dtype=int64).
Pickling array (shape=(46,), dtype=int64).
Pickling array (shape=(93,), dtype=int64).
Pickling array (shape=(45,), dtype=int64).
Pickling array (shape=(91,), dtype=int64).
Pickling array (shape=(47,), dtype=int64).
Pickling array (shape=(92,), dtype=int64).
Pickling array (shape=(46,), dtype=int64).
Pickling array (shape=(93,), dtype=int64).
Pickling array (shape=(45,), dtype=int64).
[Parallel(n_jobs=15)]: Done   1 tasks      | elapsed:   32.0s
[Parallel(n_jobs=15)]: Done   2 out of  15 | elapsed:   32.1s remaining:  3.5min
[Parallel(n_jobs=15)]: Done   3 out of  15 | elapsed:   33.3s remaining:  2.2min
[Parallel(n_jobs=15)]: Done   4 out of  15 | elapsed:   33.3s remaining:  1.5min
[Parallel(n_jobs=15)]: Done   5 out of  15 | elapsed:   35.1s remaining:  1.2min
[Parallel(n_jobs=15)]: Done   6 out of  15 | elapsed:   35.9s remaining:   53.9s
[Parallel(n_jobs=15)]: Done   7 out of  15 | elapsed:   49.1s remaining:   56.1s
[Parallel(n_jobs=15)]: Done   8 out of  15 | elapsed:   49.2s remaining:   43.0s
[Parallel(n_jobs=15)]: Done   9 out of  15 | elapsed:   50.4s remaining:   33.6s
[Parallel(n_jobs=15)]: Done  10 out of  15 | elapsed:   50.6s remaining:   25.3s
[Parallel(n_jobs=15)]: Done  11 out of  15 | elapsed:   51.1s remaining:   18.6s
[Parallel(n_jobs=15)]: Done  12 out of  15 | elapsed:   53.3s remaining:   13.3s
[Parallel(n_jobs=15)]: Done  13 out of  15 | elapsed:  1.1min remaining:   10.1s
[Parallel(n_jobs=15)]: Done  15 out of  15 | elapsed:  1.1min remaining:    0.0s
[Parallel(n_jobs=15)]: Done  15 out of  15 | elapsed:  1.1min finished
Fitting 3 folds for each of 5 candidates, totalling 15 fits
[CV] countV__ngram_range=(2, 3) ......................................
[CV] ....... countV__ngram_range=(2, 3), score=0.478261, total=  15.0s
[CV] countV__ngram_range=(3, 4) ......................................
[CV] ....... countV__ngram_range=(3, 4), score=0.478261, total=  15.5s
[CV] countV__ngram_range=(2, 3) ......................................
[CV] ....... countV__ngram_range=(2, 3), score=0.586957, total=  14.3s
[CV] countV__ngram_range=(3, 4) ......................................
[CV] ....... countV__ngram_range=(3, 4), score=0.586957, total=  14.6s
[CV] countV__ngram_range=(2, 3) ......................................
[CV] ....... countV__ngram_range=(2, 3), score=0.543478, total=  14.3s
[CV] countV__ngram_range=(3, 4) ......................................
[CV] ....... countV__ngram_range=(3, 4), score=0.500000, total=  15.2s
[CV] countV__ngram_range=(2, 4) ......................................
[CV] ....... countV__ngram_range=(2, 4), score=0.478261, total=  22.9s
[CV] countV__ngram_range=(3, 5) ......................................
[CV] ....... countV__ngram_range=(3, 5), score=0.478261, total=  23.9s
[CV] countV__ngram_range=(2, 4) ......................................
[CV] ....... countV__ngram_range=(2, 4), score=0.543478, total=  21.6s
[CV] countV__ngram_range=(3, 5) ......................................
[CV] ....... countV__ngram_range=(3, 5), score=0.500000, total=  22.9s
[CV] countV__ngram_range=(2, 5) ......................................
[CV] ....... countV__ngram_range=(2, 5), score=0.434783, total=  30.3s
[CV] countV__ngram_range=(2, 4) ......................................
[CV] ....... countV__ngram_range=(2, 4), score=0.521739, total=  21.1s
[CV] countV__ngram_range=(3, 5) ......................................
[CV] ....... countV__ngram_range=(3, 5), score=0.478261, total=  21.6s
Pickling array (shape=(92,), dtype=int64).
Pickling array (shape=(46,), dtype=int64).
Pickling array (shape=(92,), dtype=int64).
Pickling array (shape=(46,), dtype=int64).
Pickling array (shape=(92,), dtype=int64).
Pickling array (shape=(46,), dtype=int64).
Pickling array (shape=(92,), dtype=int64).
Pickling array (shape=(46,), dtype=int64).
Pickling array (shape=(92,), dtype=int64).
Pickling array (shape=(46,), dtype=int64).
Pickling array (shape=(92,), dtype=int64).
Pickling array (shape=(46,), dtype=int64).
Pickling array (shape=(92,), dtype=int64).
Pickling array (shape=(46,), dtype=int64).
Pickling array (shape=(92,), dtype=int64).
Pickling array (shape=(46,), dtype=int64).
Pickling array (shape=(92,), dtype=int64).
Pickling array (shape=(46,), dtype=int64).
Pickling array (shape=(92,), dtype=int64).
Pickling array (shape=(46,), dtype=int64).
Pickling array (shape=(92,), dtype=int64).
Pickling array (shape=(46,), dtype=int64).
Pickling array (shape=(92,), dtype=int64).
Pickling array (shape=(46,), dtype=int64).
Pickling array (shape=(92,), dtype=int64).
Pickling array (shape=(46,), dtype=int64).
Pickling array (shape=(92,), dtype=int64).
Pickling array (shape=(46,), dtype=int64).
Pickling array (shape=(92,), dtype=int64).
Pickling array (shape=(46,), dtype=int64).
[Parallel(n_jobs=15)]: Done   1 tasks      | elapsed:   20.1s
[Parallel(n_jobs=15)]: Done   2 out of  15 | elapsed:   21.2s remaining:  2.3min
[Parallel(n_jobs=15)]: Done   3 out of  15 | elapsed:   24.4s remaining:  1.6min
[Parallel(n_jobs=15)]: Done   4 out of  15 | elapsed:   25.3s remaining:  1.2min
[Parallel(n_jobs=15)]: Done   5 out of  15 | elapsed:   28.1s remaining:   56.2s
[Parallel(n_jobs=15)]: Done   6 out of  15 | elapsed:   29.7s remaining:   44.6s
[Parallel(n_jobs=15)]: Done   7 out of  15 | elapsed:   30.8s remaining:   35.2s
[Parallel(n_jobs=15)]: Done   8 out of  15 | elapsed:   32.4s remaining:   28.4s
[Parallel(n_jobs=15)]: Done   9 out of  15 | elapsed:   37.0s remaining:   24.7s
[Parallel(n_jobs=15)]: Done  10 out of  15 | elapsed:   39.1s remaining:   19.5s
[Parallel(n_jobs=15)]: Done  11 out of  15 | elapsed:   40.9s remaining:   14.9s
[Parallel(n_jobs=15)]: Done  12 out of  15 | elapsed:   41.7s remaining:   10.4s
[Parallel(n_jobs=15)]: Done  13 out of  15 | elapsed:   43.4s remaining:    6.7s
[Parallel(n_jobs=15)]: Done  15 out of  15 | elapsed:   55.7s remaining:    0.0s
[Parallel(n_jobs=15)]: Done  15 out of  15 | elapsed:   55.7s finished
